<?xml version="1.0" encoding="UTF-8"?>
<!-- Generated by org.testng.reporters.JUnitXMLReporter -->
<testsuite hostname="LAPTOP-PSBRRDS3" ignored="0" name="Test" tests="2" failures="0" timestamp="2020-06-24T12:07:10 EDT" time="32.249" errors="0">
  <testcase name="@AfterMethod tearDown" time="0.003" classname="runner.TestNGRunner">
    <failure type="java.lang.NullPointerException">
      <![CDATA[java.lang.NullPointerException
at runner.TestNGRunner.tearDown(TestNGRunner.java:94)
at java.util.ArrayList.forEach(ArrayList.java:1249)
... Removed 32 stack frames]]>
    </failure>
  </testcase> <!-- @AfterMethod tearDown -->
  <testcase name="@AfterMethod tearDown" time="-1.59301483066E9" classname="runner.TestNGRunner">
    <skipped/>
  </testcase> <!-- @AfterMethod tearDown -->
  <testcase name="@AfterTest endReport" time="-1.593014830796E9" classname="runner.TestNGRunner">
    <skipped/>
  </testcase> <!-- @AfterTest endReport -->
  <testcase name="runScenario" time="31.533" classname="io.cucumber.testng.AbstractTestNGCucumberTests"/>
  <testcase name="runScenario" time="0.0" classname="io.cucumber.testng.AbstractTestNGCucumberTests">
    <skipped/>
  </testcase> <!-- runScenario -->
</testsuite> <!-- Test -->
